# Logfile created on Sat Jul 02 10:47:16 +0530 2011  [4;36;1mSQL (0.2ms)[0m   [0;1mSET NAMES 'utf8'[0m
  [4;35;1mSQL (0.2ms)[0m   [0mSET SQL_AUTO_IS_NULL=0[0m
  [4;36;1mSQL (0.4ms)[0m   [0;1mSHOW TABLES[0m
  [4;35;1mSQL (143.4ms)[0m   [0mCREATE TABLE `schema_migrations` (`version` varchar(255) NOT NULL) ENGINE=InnoDB[0m
  [4;36;1mSQL (0.6ms)[0m   [0;1mSHOW KEYS FROM `schema_migrations`[0m
  [4;35;1mSQL (178.3ms)[0m   [0mCREATE UNIQUE INDEX `unique_schema_migrations` ON `schema_migrations` (`version`)[0m
  [4;36;1mSQL (0.5ms)[0m   [0;1mSHOW TABLES[0m
  [4;35;1mSQL (0.4ms)[0m   [0mSELECT version FROM schema_migrations[0m
Migrating to CreateUsers (20101030165346)
  [4;36;1mSQL (0.4ms)[0m   [0;1mSHOW TABLES[0m
  [4;35;1mSQL (102.2ms)[0m   [0mCREATE TABLE `users` (`id` int(11) DEFAULT NULL auto_increment PRIMARY KEY, `login` varchar(40), `name` varchar(100) DEFAULT '', `email` varchar(100), `avatar_file_name` varchar(250), `avatar_content_type` varchar(250), `avatar_file_size` int(11), `avatar_updated_at` datetime, `crypted_password` varchar(40), `salt` varchar(40), `created_at` datetime, `updated_at` datetime, `remember_token` varchar(40), `remember_token_expires_at` datetime) ENGINE=InnoDB[0m
  [4;36;1mSQL (0.7ms)[0m   [0;1mSHOW KEYS FROM `users`[0m
  [4;35;1mSQL (233.2ms)[0m   [0mCREATE UNIQUE INDEX `index_users_on_login` ON `users` (`login`)[0m
  [4;36;1mSQL (43.6ms)[0m   [0;1mINSERT INTO schema_migrations (version) VALUES ('20101030165346')[0m
  [4;35;1mSQL (0.5ms)[0m   [0mSHOW TABLES[0m
  [4;36;1mSQL (0.3ms)[0m   [0;1mSELECT version FROM schema_migrations[0m
  [4;35;1mSQL (0.3ms)[0m   [0mSHOW TABLES[0m
  [4;36;1mSQL (1.1ms)[0m   [0;1mSHOW FIELDS FROM `users`[0m
  [4;35;1mSQL (0.9ms)[0m   [0mdescribe `users`[0m
  [4;36;1mSQL (0.4ms)[0m   [0;1mSHOW KEYS FROM `users`[0m
  [4;36;1mSQL (0.1ms)[0m   [0;1mSET NAMES 'utf8'[0m
  [4;35;1mSQL (0.1ms)[0m   [0mSET SQL_AUTO_IS_NULL=0[0m


Processing SiteController#home (for 127.0.0.1 at 2011-07-02 10:49:38) [GET]
  Parameters: {"action"=>"home", "controller"=>"site"}
Rendering template within layouts/application
Rendering site/home
Rendered layouts/_header (25.6ms)
Completed in 93ms (View: 91, DB: 0) | 200 OK [http://localhost/]
  [4;36;1mSQL (0.2ms)[0m   [0;1mSET NAMES 'utf8'[0m
  [4;35;1mSQL (0.2ms)[0m   [0mSET SQL_AUTO_IS_NULL=0[0m


Processing SessionsController#new (for 127.0.0.1 at 2011-07-02 10:49:41) [GET]
  Parameters: {"action"=>"new", "controller"=>"sessions"}
Rendering template within layouts/application
Rendering sessions/new
Rendered layouts/_header (0.6ms)
Completed in 11ms (View: 9, DB: 0) | 200 OK [http://localhost/login]
  [4;36;1mSQL (0.1ms)[0m   [0;1mSET NAMES 'utf8'[0m
  [4;35;1mSQL (0.1ms)[0m   [0mSET SQL_AUTO_IS_NULL=0[0m


Processing UsersController#new (for 127.0.0.1 at 2011-07-02 10:49:44) [GET]
  Parameters: {"action"=>"new", "controller"=>"users"}
  [4;36;1mUser Columns (0.8ms)[0m   [0;1mSHOW FIELDS FROM `users`[0m
Rendering template within layouts/application
Rendering users/new
Rendered users/_form (11.1ms)
Rendered layouts/_header (0.6ms)
Completed in 30ms (View: 21, DB: 1) | 200 OK [http://localhost/signup]
  [4;35;1mSQL (0.1ms)[0m   [0mSET NAMES 'utf8'[0m
  [4;36;1mSQL (0.1ms)[0m   [0;1mSET SQL_AUTO_IS_NULL=0[0m


Processing SessionsController#new (for 127.0.0.1 at 2011-07-02 10:49:45) [GET]
  Parameters: {"action"=>"new", "controller"=>"sessions"}
Rendering template within layouts/application
Rendering sessions/new
Rendered layouts/_header (0.5ms)
Completed in 5ms (View: 4, DB: 0) | 200 OK [http://localhost/login]
  [4;35;1mSQL (0.2ms)[0m   [0mSET NAMES 'utf8'[0m
  [4;36;1mSQL (0.1ms)[0m   [0;1mSET SQL_AUTO_IS_NULL=0[0m


Processing UsersController#new (for 127.0.0.1 at 2011-07-02 10:49:47) [GET]
  Parameters: {"action"=>"new", "controller"=>"users"}
  [4;35;1mUser Columns (0.7ms)[0m   [0mSHOW FIELDS FROM `users`[0m
Rendering template within layouts/application
Rendering users/new
Rendered users/_form (9.4ms)
Rendered layouts/_header (0.6ms)
Completed in 78ms (View: 12, DB: 1) | 200 OK [http://localhost/signup]
  [4;36;1mSQL (0.1ms)[0m   [0;1mSET NAMES 'utf8'[0m
  [4;35;1mSQL (0.1ms)[0m   [0mSET SQL_AUTO_IS_NULL=0[0m


Processing UsersController#create (for 127.0.0.1 at 2011-07-02 10:50:41) [POST]
  Parameters: {"commit"=>"Save changes", "action"=>"create", "authenticity_token"=>"hD0UObAIU7orx8eK/daCE8CaoSDc+IAdzQKyVuy8Pbc=", "controller"=>"users", "user"=>{"name"=>"Norat", "password_confirmation"=>"[FILTERED]", "avatar"=>#<File:/tmp/RackMultipart20110702-11222-4kd8gt-0>, "password"=>"[FILTERED]", "login"=>"norat", "email"=>"noratsaraswat@yahoo.com"}}
  [4;36;1mUser Columns (0.8ms)[0m   [0;1mSHOW FIELDS FROM `users`[0m
WARNING: Can't mass-assign these protected attributes: avatar
  [4;35;1mSQL (0.1ms)[0m   [0mBEGIN[0m
  [4;36;1mUser Load (0.3ms)[0m   [0;1mSELECT `users`.id FROM `users` WHERE (`users`.`login` = BINARY 'norat') LIMIT 1[0m
  [4;35;1mUser Load (0.1ms)[0m   [0mSELECT `users`.id FROM `users` WHERE (`users`.`email` = BINARY 'noratsaraswat@yahoo.com') LIMIT 1[0m
  [4;36;1mUser Create (0.2ms)[0m   [0;1mINSERT INTO `users` (`name`, `salt`, `avatar_file_name`, `avatar_file_size`, `created_at`, `crypted_password`, `remember_token_expires_at`, `updated_at`, `avatar_content_type`, `remember_token`, `login`, `avatar_updated_at`, `email`) VALUES('Norat', '0c606ee36f5379ce106f88fe9a49972c86402f83', NULL, NULL, '2011-07-02 05:20:41', '2d2b5e5f946f165720cb15bf6a079e3e21941741', NULL, '2011-07-02 05:20:41', NULL, NULL, 'norat', NULL, 'noratsaraswat@yahoo.com')[0m
[paperclip] Saving attachments.
  [4;35;1mSQL (49.4ms)[0m   [0mCOMMIT[0m
Redirected to http://localhost:3000/
Completed in 67ms (DB: 51) | 302 Found [http://localhost/users]
  [4;36;1mSQL (0.1ms)[0m   [0;1mSET NAMES 'utf8'[0m
  [4;35;1mSQL (0.1ms)[0m   [0mSET SQL_AUTO_IS_NULL=0[0m


Processing SiteController#home (for 127.0.0.1 at 2011-07-02 10:50:41) [GET]
  Parameters: {"action"=>"home", "controller"=>"site"}
Rendering template within layouts/application
Rendering site/home
  [4;36;1mUser Columns (0.8ms)[0m   [0;1mSHOW FIELDS FROM `users`[0m
  [4;35;1mUser Load (0.4ms)[0m   [0mSELECT * FROM `users` WHERE (`users`.`id` = 1) LIMIT 1[0m
Rendered layouts/_header (20.4ms)
Completed in 24ms (View: 21, DB: 1) | 200 OK [http://localhost/]
  [4;36;1mSQL (0.1ms)[0m   [0;1mSET NAMES 'utf8'[0m
  [4;35;1mSQL (0.1ms)[0m   [0mSET SQL_AUTO_IS_NULL=0[0m


Processing UsersController#show (for 127.0.0.1 at 2011-07-02 10:50:47) [GET]
  Parameters: {"action"=>"show", "id"=>"1", "controller"=>"users"}
  [4;36;1mUser Columns (0.7ms)[0m   [0;1mSHOW FIELDS FROM `users`[0m
  [4;35;1mUser Load (0.2ms)[0m   [0mSELECT * FROM `users` WHERE (`users`.`id` = 1) [0m
Rendering template within layouts/application
Rendering users/show
  [4;36;1mUser Load (0.2ms)[0m   [0;1mSELECT * FROM `users` WHERE (`users`.`id` = 1) LIMIT 1[0m
Rendered layouts/_header (2.2ms)
Completed in 76ms (View: 10, DB: 1) | 200 OK [http://localhost/users/1]
  [4;35;1mSQL (0.1ms)[0m   [0mSET NAMES 'utf8'[0m
  [4;36;1mSQL (0.1ms)[0m   [0;1mSET SQL_AUTO_IS_NULL=0[0m


Processing UsersController#edit (for 127.0.0.1 at 2011-07-02 10:50:52) [GET]
  Parameters: {"action"=>"edit", "id"=>"1", "controller"=>"users"}
  [4;35;1mUser Columns (0.7ms)[0m   [0mSHOW FIELDS FROM `users`[0m
  [4;36;1mUser Load (0.1ms)[0m   [0;1mSELECT * FROM `users` WHERE (`users`.`id` = 1) [0m
Rendering template within layouts/application
Rendering users/edit
Rendered users/_form (9.8ms)
  [4;35;1mUser Load (0.2ms)[0m   [0mSELECT * FROM `users` WHERE (`users`.`id` = 1) LIMIT 1[0m
Rendered layouts/_header (1.8ms)
Completed in 26ms (View: 17, DB: 1) | 200 OK [http://localhost/users/1/edit]
  [4;36;1mSQL (0.1ms)[0m   [0;1mSET NAMES 'utf8'[0m
  [4;35;1mSQL (0.1ms)[0m   [0mSET SQL_AUTO_IS_NULL=0[0m


Processing UsersController#show (for 127.0.0.1 at 2011-07-02 10:51:06) [GET]
  Parameters: {"action"=>"show", "id"=>"1", "controller"=>"users"}
  [4;36;1mUser Columns (0.8ms)[0m   [0;1mSHOW FIELDS FROM `users`[0m
  [4;35;1mUser Load (0.1ms)[0m   [0mSELECT * FROM `users` WHERE (`users`.`id` = 1) [0m
Rendering template within layouts/application
Rendering users/show
  [4;36;1mUser Load (0.1ms)[0m   [0;1mSELECT * FROM `users` WHERE (`users`.`id` = 1) LIMIT 1[0m
Rendered layouts/_header (1.9ms)
Completed in 15ms (View: 6, DB: 1) | 200 OK [http://localhost/users/1]
